#
# A fatal error has been detected by the Java Runtime Environment:
#
#  SIGSEGV (0xb) at pc=0x00000001204e37e3, pid=1808, tid=3335
#
# JRE version: Java(TM) SE Runtime Environment (8.0_31-b13) (build 1.8.0_31-b13)
# Java VM: Java HotSpot(TM) 64-Bit Server VM (25.31-b07 mixed mode bsd-amd64 compressed oops)
# Problematic frame:
# C  [libjfxwebkit.dylib+0x9377e3]  Java_com_sun_webkit_PopupMenu_twkPopupClosed+0x6253
#
# Failed to write core dump. Core dumps have been disabled. To enable core dumping, try "ulimit -c unlimited" before starting Java again
#
# If you would like to submit a bug report, please visit:
#   http://bugreport.java.com/bugreport/crash.jsp
#

---------------  T H R E A D  ---------------

Current thread is native thread

siginfo: si_signo: 11 (SIGSEGV), si_code: 1 (SEGV_MAPERR), si_addr: 0x0000000000000000

Registers:
RAX=0x00007fff5a1cd2f0, RBX=0x00007f804965d838, RCX=0x00007fff5a1cd2c4, RDX=0x00007f8044c79180
RSP=0x00007fff5a1cd210, RBP=0x00007fff5a1cd2e0, RSI=0x00007f8047b6c6d0, RDI=0x0000000000000000
R8 =0x000000008673ae31, R9 =0x0000000000000000, R10=0x00000000000000a0, R11=0x00007f8047fa5fd0
R12=0x00007f804965d800, R13=0x0000000129322108, R14=0x0000000000000000, R15=0x0000000000000000
RIP=0x00000001204e37e3, EFLAGS=0x0000000000010246, ERR=0x0000000000000004
  TRAPNO=0x000000000000000e

Top of Stack: (sp=0x00007fff5a1cd210)
0x00007fff5a1cd210:   0000000000000000 0000000000000000
0x00007fff5a1cd220:   0000000000000000 00007fff5a1cd2c4
0x00007fff5a1cd230:   000000008673ae31 0000000000000000
0x00007fff5a1cd240:   0000000000000000 0000000000000000
0x00007fff5a1cd250:   0000000000000000 0000000000000000
0x00007fff5a1cd260:   0000000000000000 0000000000000000
0x00007fff5a1cd270:   0000000000000000 0000000000000000
0x00007fff5a1cd280:   00007fff5a1cd2b0 000000010670a7cf
0x00007fff5a1cd290:   0000000000000000 0000000000010002
0x00007fff5a1cd2a0:   00007fff5a1cd2f8 0000000106be50e8
0x00007fff5a1cd2b0:   00007fff5a1cd2e0 0000000106708785
0x00007fff5a1cd2c0:   fffffffe00000000 0000003000000018
0x00007fff5a1cd2d0:   00007fff5a1cd2f0 00007fff5a1cd210
0x00007fff5a1cd2e0:   00007fff5a1cd310 000000012049f966
0x00007fff5a1cd2f0:   0000000000000000 0000000000000000
0x00007fff5a1cd300:   00007f804965d838 0000000000000000
0x00007fff5a1cd310:   00007fff5a1cd360 0000000120485a2c
0x00007fff5a1cd320:   00007f8042436470 0000001f00000000
0x00007fff5a1cd330:   00007f804aa28e00 00007f8047fa6150
0x00007fff5a1cd340:   00007f804965d800 0000000129322108
0x00007fff5a1cd350:   0000000000000000 0000000000000000
0x00007fff5a1cd360:   00007fff5a1cd3a0 0000000120482f87
0x00007fff5a1cd370:   0000000000000000 0000000000000000
0x00007fff5a1cd380:   0000000000000000 0000000000000000
0x00007fff5a1cd390:   0000000000000000 00007f8047fa6150
0x00007fff5a1cd3a0:   00007fff5a1cd3d0 0000000120478bf5
0x00007fff5a1cd3b0:   00007f8047fa6150 0000000000000000
0x00007fff5a1cd3c0:   00007f8047fa6150 00007f8047fa5fd0
0x00007fff5a1cd3d0:   00007fff5a1cd3f0 000000012060e157
0x00007fff5a1cd3e0:   00007f8047fa5fd0 00007f8047fa6150
0x00007fff5a1cd3f0:   00007fff5a1cd420 00000001202b141f
0x00007fff5a1cd400:   0000000000000000 0000000000000001 

Instructions: (pc=0x00000001204e37e3)
0x00000001204e37c3:   8d 85 30 ff ff ff 48 89 45 f8 48 8d 45 10 48 89
0x00000001204e37d3:   45 f0 c7 45 ec 30 00 00 00 c7 45 e8 18 00 00 00
0x00000001204e37e3:   48 8b 07 48 8d 4d e8 ff 90 90 01 00 00 48 81 c4
0x00000001204e37f3:   d0 00 00 00 5d c3 90 90 90 90 90 90 90 55 48 89 

Register to memory mapping:

RAX=0x00007fff5a1cd2f0 is an unknown value
RBX=0x00007f804965d838 is an unknown value
RCX=0x00007fff5a1cd2c4 is an unknown value
RDX=0x00007f8044c79180 is an unknown value
RSP=0x00007fff5a1cd210 is an unknown value
RBP=0x00007fff5a1cd2e0 is an unknown value
RSI=0x00007f8047b6c6d0 is a global jni handle
RDI=0x0000000000000000 is an unknown value
R8 =0x000000008673ae31 is an unknown value
R9 =0x0000000000000000 is an unknown value
R10=0x00000000000000a0 is an unknown value
R11=0x00007f8047fa5fd0 is an unknown value
R12=0x00007f804965d800 is an unknown value
R13=0x0000000129322108 is an unknown value
R14=0x0000000000000000 is an unknown value
R15=0x0000000000000000 is an unknown value


Stack: [0x00007fff599d1000,0x00007fff5a1d1000],  sp=0x00007fff5a1cd210,  free space=8176k
Native frames: (J=compiled Java code, j=interpreted, Vv=VM code, C=native code)
C  [libjfxwebkit.dylib+0x9377e3]  Java_com_sun_webkit_PopupMenu_twkPopupClosed+0x6253
C  [libjfxwebkit.dylib+0x8f3966]  Java_com_sun_webkit_graphics_WCGraphicsManager_append+0x906
C  [libjfxwebkit.dylib+0x8d9a2c]  Java_com_sun_webkit_dom_EventListenerImpl_twkDispatchEvent+0x51b8ec
C  [libjfxwebkit.dylib+0x8d6f87]  Java_com_sun_webkit_dom_EventListenerImpl_twkDispatchEvent+0x518e47
C  [libjfxwebkit.dylib+0x8ccbf5]  Java_com_sun_webkit_dom_EventListenerImpl_twkDispatchEvent+0x50eab5
C  [libjfxwebkit.dylib+0xa62157]  Java_com_sun_webkit_network_URLLoader_twkWillSendRequest+0x10eb97
C  [libjfxwebkit.dylib+0x70541f]  Java_com_sun_webkit_dom_EventListenerImpl_twkDispatchEvent+0x3472df
C  [libjfxwebkit.dylib+0x70a8eb]  Java_com_sun_webkit_dom_EventListenerImpl_twkDispatchEvent+0x34c7ab
C  [libjfxwebkit.dylib+0x70a216]  Java_com_sun_webkit_dom_EventListenerImpl_twkDispatchEvent+0x34c0d6
C  [libjfxwebkit.dylib+0x69d8ea]  Java_com_sun_webkit_dom_EventListenerImpl_twkDispatchEvent+0x2df7aa
C  [libjfxwebkit.dylib+0x3ea73a]  Java_com_sun_webkit_dom_EventListenerImpl_twkDispatchEvent+0x2c5fa
C  [libjfxwebkit.dylib+0xde83ef]  JSValueIsObjectOfClass+0x5080f
C  [libjfxwebkit.dylib+0xde88f8]  JSValueIsObjectOfClass+0x50d18
C  [libjfxwebkit.dylib+0xdf13e6]  JSValueIsObjectOfClass+0x59806
C  [libjfxwebkit.dylib+0xdeeec2]  JSValueIsObjectOfClass+0x572e2
C  [libjfxwebkit.dylib+0xdee939]  JSValueIsObjectOfClass+0x56d59
C  [CoreFoundation+0xb53e4]  __CFRUNLOOP_IS_CALLING_OUT_TO_A_TIMER_CALLBACK_FUNCTION__+0x14
C  [CoreFoundation+0xb4f1f]  __CFRunLoopDoTimer+0x47f
C  [CoreFoundation+0x1265aa]  __CFRunLoopDoTimers+0x12a
C  [CoreFoundation+0x706a5]  __CFRunLoopRun+0x5f5
C  [CoreFoundation+0x6fe75]  CFRunLoopRunSpecific+0x135
C  [java+0x56cc]  CreateExecutionEnvironment+0x367
C  [java+0x165c]  JLI_Launch+0x7a0
C  [java+0x768a]  main+0x65
C  [java+0xeb4]  start+0x34


---------------  P R O C E S S  ---------------

VM state:at safepoint (normal execution)

VM Mutex/Monitor currently owned by a thread:  ([mutex/lock_event])
[0x00007f80426021b0] Threads_lock - owner thread: 0x00007f804283a800
[0x00007f80426026b0] Heap_lock - owner thread: 0x00007f8050820000

Heap:
 PSYoungGen      total 18944K, used 12887K [0x00000007aab00000, 0x00000007ad000000, 0x00000007c0000000)
  eden space 16384K, 63% used [0x00000007aab00000,0x00000007ab519be8,0x00000007abb00000)
  from space 2560K, 99% used [0x00000007abb00000,0x00000007abd7c040,0x00000007abd80000)
  to   space 2560K, 0% used [0x00000007acd80000,0x00000007acd80000,0x00000007ad000000)
 ParOldGen       total 44032K, used 9751K [0x0000000780000000, 0x0000000782b00000, 0x00000007aab00000)
  object space 44032K, 22% used [0x0000000780000000,0x0000000780985f78,0x0000000782b00000)
 Metaspace       used 17040K, capacity 17752K, committed 18048K, reserved 1064960K
  class space    used 2490K, capacity 2631K, committed 2688K, reserved 1048576K

Card table byte_map: [0x00000001167e2000,0x00000001169e3000] byte_map_base: 0x0000000112be2000

Marking Bits: (ParMarkBitMap*) 0x0000000106c9e410
 Begin Bits: [0x0000000116f45000, 0x0000000117f45000)
 End Bits:   [0x0000000117f45000, 0x0000000118f45000)

Polling page: 0x0000000105b85000

CodeCache: size=245760Kb used=5874Kb max_used=5874Kb free=239885Kb
 bounds [0x0000000107422000, 0x00000001079f2000, 0x0000000116422000]
 total_blobs=2496 nmethods=1798 adapters=612
 compilation: enabled

Compilation events (10 events):
Event: 3.227 Thread 0x00007f8044010000 1796   !   3       java.util.concurrent.LinkedBlockingDeque::takeFirst (47 bytes)
Event: 3.228 Thread 0x00007f8044010000 nmethod 1796 0x00000001079dcf10 code [0x00000001079dd0e0, 0x00000001079dd8e8]
Event: 3.228 Thread 0x00007f8044010000 1797       3       com.sun.glass.ui.InvokeLaterDispatcher$Future::<init> (20 bytes)
Event: 3.228 Thread 0x00007f8044010000 nmethod 1797 0x00000001079dffd0 code [0x00000001079e0140, 0x00000001079e0330]
Event: 3.228 Thread 0x00007f8044010000 1798   !   3       com.sun.glass.ui.InvokeLaterDispatcher$Future::run (91 bytes)
Event: 3.229 Thread 0x00007f8044010000 nmethod 1798 0x00000001079dc190 code [0x00000001079dc340, 0x00000001079dcb08]
Event: 3.229 Thread 0x00007f8044010000 1799       3       com.sun.javafx.application.PlatformImpl$$Lambda$47/1555093762::run (12 bytes)
Event: 3.229 Thread 0x00007f8044010000 nmethod 1799 0x00000001079dfc10 code [0x00000001079dfd80, 0x00000001079dff28]
Event: 3.237 Thread 0x00007f8044010000 1800       3       java.util.Hashtable$Enumerator::nextElement (111 bytes)
Event: 3.238 Thread 0x00007f8044010000 nmethod 1800 0x00000001079db9d0 code [0x00000001079dbb60, 0x00000001079dbfc8]

GC Heap History (6 events):
Event: 0.744 GC heap before
{Heap before GC invocations=1 (full 0):
 PSYoungGen      total 18944K, used 16384K [0x00000007aab00000, 0x00000007ac000000, 0x00000007c0000000)
  eden space 16384K, 100% used [0x00000007aab00000,0x00000007abb00000,0x00000007abb00000)
  from space 2560K, 0% used [0x00000007abd80000,0x00000007abd80000,0x00000007ac000000)
  to   space 2560K, 0% used [0x00000007abb00000,0x00000007abb00000,0x00000007abd80000)
 ParOldGen       total 44032K, used 0K [0x0000000780000000, 0x0000000782b00000, 0x00000007aab00000)
  object space 44032K, 0% used [0x0000000780000000,0x0000000780000000,0x0000000782b00000)
 Metaspace       used 9055K, capacity 9448K, committed 9600K, reserved 1056768K
  class space    used 1231K, capacity 1321K, committed 1408K, reserved 1048576K
Event: 0.751 GC heap after
Heap after GC invocations=1 (full 0):
 PSYoungGen      total 18944K, used 2528K [0x00000007aab00000, 0x00000007ac000000, 0x00000007c0000000)
  eden space 16384K, 0% used [0x00000007aab00000,0x00000007aab00000,0x00000007abb00000)
  from space 2560K, 98% used [0x00000007abb00000,0x00000007abd78040,0x00000007abd80000)
  to   space 2560K, 0% used [0x00000007abd80000,0x00000007abd80000,0x00000007ac000000)
 ParOldGen       total 44032K, used 109K [0x0000000780000000, 0x0000000782b00000, 0x00000007aab00000)
  object space 44032K, 0% used [0x0000000780000000,0x000000078001b408,0x0000000782b00000)
 Metaspace       used 9055K, capacity 9448K, committed 9600K, reserved 1056768K
  class space    used 1231K, capacity 1321K, committed 1408K, reserved 1048576K
}
Event: 1.536 GC heap before
{Heap before GC invocations=2 (full 0):
 PSYoungGen      total 18944K, used 18912K [0x00000007aab00000, 0x00000007ac000000, 0x00000007c0000000)
  eden space 16384K, 100% used [0x00000007aab00000,0x00000007abb00000,0x00000007abb00000)
  from space 2560K, 98% used [0x00000007abb00000,0x00000007abd78040,0x00000007abd80000)
  to   space 2560K, 0% used [0x00000007abd80000,0x00000007abd80000,0x00000007ac000000)
 ParOldGen       total 44032K, used 109K [0x0000000780000000, 0x0000000782b00000, 0x00000007aab00000)
  object space 44032K, 0% used [0x0000000780000000,0x000000078001b408,0x0000000782b00000)
 Metaspace       used 15217K, capacity 15802K, committed 16000K, reserved 1062912K
  class space    used 2287K, capacity 2404K, committed 2432K, reserved 1048576K
Event: 1.545 GC heap after
Heap after GC invocations=2 (full 0):
 PSYoungGen      total 18944K, used 2544K [0x00000007aab00000, 0x00000007ac000000, 0x00000007c0000000)
  eden space 16384K, 0% used [0x00000007aab00000,0x00000007aab00000,0x00000007abb00000)
  from space 2560K, 99% used [0x00000007abd80000,0x00000007abffc010,0x00000007ac000000)
  to   space 2560K, 0% used [0x00000007abb00000,0x00000007abb00000,0x00000007abd80000)
 ParOldGen       total 44032K, used 3715K [0x0000000780000000, 0x0000000782b00000, 0x00000007aab00000)
  object space 44032K, 8% used [0x0000000780000000,0x00000007803a0f78,0x0000000782b00000)
 Metaspace       used 15217K, capacity 15802K, committed 16000K, reserved 1062912K
  class space    used 2287K, capacity 2404K, committed 2432K, reserved 1048576K
}
Event: 2.490 GC heap before
{Heap before GC invocations=3 (full 0):
 PSYoungGen      total 18944K, used 18573K [0x00000007aab00000, 0x00000007ac000000, 0x00000007c0000000)
  eden space 16384K, 97% used [0x00000007aab00000,0x00000007abaa7680,0x00000007abb00000)
  from space 2560K, 99% used [0x00000007abd80000,0x00000007abffc010,0x00000007ac000000)
  to   space 2560K, 0% used [0x00000007abb00000,0x00000007abb00000,0x00000007abd80000)
 ParOldGen       total 44032K, used 3715K [0x0000000780000000, 0x0000000782b00000, 0x00000007aab00000)
  object space 44032K, 8% used [0x0000000780000000,0x00000007803a0f78,0x0000000782b00000)
 Metaspace       used 16139K, capacity 16792K, committed 16896K, reserved 1062912K
  class space    used 2388K, capacity 2515K, committed 2560K, reserved 1048576K
Event: 2.504 GC heap after
Heap after GC invocations=3 (full 0):
 PSYoungGen      total 18944K, used 2544K [0x00000007aab00000, 0x00000007ad000000, 0x00000007c0000000)
  eden space 16384K, 0% used [0x00000007aab00000,0x00000007aab00000,0x00000007abb00000)
  from space 2560K, 99% used [0x00000007abb00000,0x00000007abd7c040,0x00000007abd80000)
  to   space 2560K, 0% used [0x00000007acd80000,0x00000007acd80000,0x00000007ad000000)
 ParOldGen       total 44032K, used 9751K [0x0000000780000000, 0x0000000782b00000, 0x00000007aab00000)
  object space 44032K, 22% used [0x0000000780000000,0x0000000780985f78,0x0000000782b00000)
 Metaspace       used 16139K, capacity 16792K, committed 16896K, reserved 1062912K
  class space    used 2388K, capacity 2515K, committed 2560K, reserved 1048576K
}

Deoptimization events (10 events):
Event: 2.766 Thread 0x00007f804284a800 Uncommon trap: reason=class_check action=maybe_recompile pc=0x00000001078ac678 method=com.sun.javafx.geom.Path2D.<init>(Lcom/sun/javafx/geom/Shape;Lcom/sun/javafx/geom/transform/BaseTransform;)V @ 5
Event: 2.767 Thread 0x00007f804284a800 Uncommon trap: reason=bimorphic action=maybe_recompile pc=0x00000001078b76a8 method=com.sun.javafx.geom.Path2D.append(Lcom/sun/javafx/geom/PathIterator;Z)V @ 6
Event: 2.785 Thread 0x00007f8043168800 Uncommon trap: reason=class_check action=maybe_recompile pc=0x00000001077656d4 method=java.io.FilterInputStream.read()I @ 4
Event: 2.785 Thread 0x00007f8043168800 Uncommon trap: reason=class_check action=maybe_recompile pc=0x00000001077656d4 method=java.io.FilterInputStream.read()I @ 4
Event: 2.785 Thread 0x00007f8043168800 Uncommon trap: reason=class_check action=maybe_recompile pc=0x00000001077656d4 method=java.io.FilterInputStream.read()I @ 4
Event: 2.785 Thread 0x00007f8043168800 Uncommon trap: reason=class_check action=maybe_recompile pc=0x00000001077656d4 method=java.io.FilterInputStream.read()I @ 4
Event: 3.148 Thread 0x00007f804284a800 Uncommon trap: reason=class_check action=maybe_recompile pc=0x00000001078ac678 method=com.sun.javafx.geom.Path2D.<init>(Lcom/sun/javafx/geom/Shape;Lcom/sun/javafx/geom/transform/BaseTransform;)V @ 5
Event: 3.148 Thread 0x00007f804284a800 Uncommon trap: reason=bimorphic action=maybe_recompile pc=0x00000001078b76a8 method=com.sun.javafx.geom.Path2D.append(Lcom/sun/javafx/geom/PathIterator;Z)V @ 6
Event: 3.168 Thread 0x00007f804284a800 Uncommon trap: reason=class_check action=maybe_recompile pc=0x00000001078ac678 method=com.sun.javafx.geom.Path2D.<init>(Lcom/sun/javafx/geom/Shape;Lcom/sun/javafx/geom/transform/BaseTransform;)V @ 5
Event: 3.168 Thread 0x00007f804284a800 Uncommon trap: reason=bimorphic action=maybe_recompile pc=0x00000001078b76a8 method=com.sun.javafx.geom.Path2D.append(Lcom/sun/javafx/geom/PathIterator;Z)V @ 6

Internal exceptions (10 events):
Event: 0.834 Thread 0x00007f8043168800 Exception <a 'java/security/PrivilegedActionException'> (0x00000007aad4c380) thrown at [/Users/java_re/workspace/8-2-build-macosx-x86_64/jdk8u31/2394/hotspot/src/share/vm/prims/jvm.cpp, line 1312]
Event: 0.834 Thread 0x00007f8043168800 Exception <a 'java/security/PrivilegedActionException'> (0x00000007aad4d7e0) thrown at [/Users/java_re/workspace/8-2-build-macosx-x86_64/jdk8u31/2394/hotspot/src/share/vm/prims/jvm.cpp, line 1312]
Event: 0.854 Thread 0x00007f8043168800 Implicit null exception at 0x000000010765cb55 to 0x000000010765cee1
Event: 0.895 Thread 0x00007f8043168800 Exception <a 'java/security/PrivilegedActionException'> (0x00000007aaf583a0) thrown at [/Users/java_re/workspace/8-2-build-macosx-x86_64/jdk8u31/2394/hotspot/src/share/vm/prims/jvm.cpp, line 1312]
Event: 0.896 Thread 0x00007f8043168800 Exception <a 'java/security/PrivilegedActionException'> (0x00000007aaf6f098) thrown at [/Users/java_re/workspace/8-2-build-macosx-x86_64/jdk8u31/2394/hotspot/src/share/vm/prims/jvm.cpp, line 1312]
Event: 0.898 Thread 0x00007f8043168800 Exception <a 'java/security/PrivilegedActionException'> (0x00000007aaf91490) thrown at [/Users/java_re/workspace/8-2-build-macosx-x86_64/jdk8u31/2394/hotspot/src/share/vm/prims/jvm.cpp, line 1312]
Event: 1.017 Thread 0x00007f8043168800 Exception <a 'java/security/PrivilegedActionException'> (0x00000007ab29ccc0) thrown at [/Users/java_re/workspace/8-2-build-macosx-x86_64/jdk8u31/2394/hotspot/src/share/vm/prims/jvm.cpp, line 1312]
Event: 1.019 Thread 0x00007f8043168800 Exception <a 'java/security/PrivilegedActionException'> (0x00000007ab2b44e8) thrown at [/Users/java_re/workspace/8-2-build-macosx-x86_64/jdk8u31/2394/hotspot/src/share/vm/prims/jvm.cpp, line 1312]
Event: 1.021 Thread 0x00007f8043168800 Exception <a 'java/security/PrivilegedActionException'> (0x00000007ab2d18f8) thrown at [/Users/java_re/workspace/8-2-build-macosx-x86_64/jdk8u31/2394/hotspot/src/share/vm/prims/jvm.cpp, line 1312]
Event: 2.527 Thread 0x00007f8043168800 Exception <a 'java/io/FileNotFoundException'> (0x00000007aad20768) thrown at [/Users/java_re/workspace/8-2-build-macosx-x86_64/jdk8u31/2394/hotspot/src/share/vm/prims/jni.cpp, line 716]

Events (10 events):
Event: 3.236 loading class java/util/IdentityHashMap$IdentityHashMapIterator
Event: 3.236 loading class java/util/IdentityHashMap$IdentityHashMapIterator done
Event: 3.236 loading class java/util/IdentityHashMap$KeyIterator done
Event: 3.237 Thread 0x00007f8050823000 Thread added: 0x00007f8050823000
Event: 3.237 Thread 0x00007f805082a800 Thread added: 0x00007f805082a800
Event: 3.237 loading class com/sun/javafx/font/PrismFontFile
Event: 3.237 loading class com/sun/javafx/font/PrismFontFile done
Event: 3.237 Thread 0x00007f8050823000 Thread exited: 0x00007f8050823000
Event: 3.238 Thread 0x00007f805082a800 Thread exited: 0x00007f805082a800
Event: 3.238 Thread 0x00007f8050820000 Thread exited: 0x00007f8050820000


Dynamic libraries:
0x000000000b594000 	/System/Library/Frameworks/Cocoa.framework/Versions/A/Cocoa
0x000000000b594000 	/System/Library/Frameworks/Security.framework/Versions/A/Security
0x000000000b594000 	/System/Library/Frameworks/ApplicationServices.framework/Versions/A/ApplicationServices
0x000000000b594000 	/usr/lib/libz.1.dylib
0x000000000b594000 	/usr/lib/libSystem.B.dylib
0x000000000b594000 	/usr/lib/libobjc.A.dylib
0x000000000b594000 	/System/Library/Frameworks/CoreFoundation.framework/Versions/A/CoreFoundation
0x000000000b594000 	/System/Library/Frameworks/Foundation.framework/Versions/C/Foundation
0x000000000b594000 	/System/Library/Frameworks/AppKit.framework/Versions/C/AppKit
0x000000000b594000 	/System/Library/Frameworks/CoreData.framework/Versions/A/CoreData
0x000000000b594000 	/System/Library/PrivateFrameworks/RemoteViewServices.framework/Versions/A/RemoteViewServices
0x000000000b594000 	/System/Library/Frameworks/AudioToolbox.framework/Versions/A/AudioToolbox
0x000000000b594000 	/System/Library/Frameworks/AudioUnit.framework/Versions/A/AudioUnit
0x000000000b594000 	/System/Library/PrivateFrameworks/DataDetectorsCore.framework/Versions/A/DataDetectorsCore
0x000000000b594000 	/System/Library/PrivateFrameworks/DesktopServicesPriv.framework/Versions/A/DesktopServicesPriv
0x000000000b594000 	/System/Library/Frameworks/Carbon.framework/Versions/A/Frameworks/HIToolbox.framework/Versions/A/HIToolbox
0x000000000b594000 	/System/Library/Frameworks/QuartzCore.framework/Versions/A/QuartzCore
0x000000000b594000 	/System/Library/Frameworks/Carbon.framework/Versions/A/Frameworks/SpeechRecognition.framework/Versions/A/SpeechRecognition
0x000000000b594000 	/usr/lib/libauto.dylib
0x000000000b594000 	/usr/lib/libicucore.A.dylib
0x000000000b594000 	/usr/lib/libxml2.2.dylib
0x000000000b594000 	/System/Library/PrivateFrameworks/CoreUI.framework/Versions/A/CoreUI
0x000000000b594000 	/System/Library/Frameworks/CoreAudio.framework/Versions/A/CoreAudio
0x000000000b594000 	/System/Library/Frameworks/DiskArbitration.framework/Versions/A/DiskArbitration
0x000000000b594000 	/usr/lib/liblangid.dylib
0x000000000b594000 	/System/Library/PrivateFrameworks/MultitouchSupport.framework/Versions/A/MultitouchSupport
0x000000000b594000 	/System/Library/Frameworks/IOKit.framework/Versions/A/IOKit
0x000000000b594000 	/usr/lib/libDiagnosticMessagesClient.dylib
0x000000000b594000 	/System/Library/Frameworks/CoreServices.framework/Versions/A/CoreServices
0x000000000b594000 	/System/Library/PrivateFrameworks/PerformanceAnalysis.framework/Versions/A/PerformanceAnalysis
0x000000000b594000 	/System/Library/PrivateFrameworks/GenerationalStorage.framework/Versions/A/GenerationalStorage
0x000000000b594000 	/System/Library/Frameworks/OpenGL.framework/Versions/A/OpenGL
0x000000000b594000 	/System/Library/PrivateFrameworks/Sharing.framework/Versions/A/Sharing
0x000000000b594000 	/System/Library/Frameworks/ImageIO.framework/Versions/A/ImageIO
0x000000000b594000 	/System/Library/Frameworks/CoreText.framework/Versions/A/CoreText
0x000000000b594000 	/System/Library/Frameworks/CoreGraphics.framework/Versions/A/CoreGraphics
0x000000000b594000 	/System/Library/PrivateFrameworks/Backup.framework/Versions/A/Backup
0x000000000b594000 	/System/Library/Frameworks/CFNetwork.framework/Versions/A/CFNetwork
0x000000000b594000 	/System/Library/Frameworks/SystemConfiguration.framework/Versions/A/SystemConfiguration
0x000000000b594000 	/usr/lib/libCRFSuite.dylib
0x000000000b594000 	/usr/lib/libc++.1.dylib
0x000000000b594000 	/usr/lib/libc++abi.dylib
0x000000000b594000 	/usr/lib/system/libcache.dylib
0x000000000b594000 	/usr/lib/system/libcommonCrypto.dylib
0x000000000b594000 	/usr/lib/system/libcompiler_rt.dylib
0x000000000b594000 	/usr/lib/system/libcopyfile.dylib
0x000000000b594000 	/usr/lib/system/libcorecrypto.dylib
0x000000000b594000 	/usr/lib/system/libdispatch.dylib
0x000000000b594000 	/usr/lib/system/libdyld.dylib
0x000000000b594000 	/usr/lib/system/libkeymgr.dylib
0x000000000b594000 	/usr/lib/system/liblaunch.dylib
0x000000000b594000 	/usr/lib/system/libmacho.dylib
0x000000000b594000 	/usr/lib/system/libquarantine.dylib
0x000000000b594000 	/usr/lib/system/libremovefile.dylib
0x000000000b594000 	/usr/lib/system/libsystem_asl.dylib
0x000000000b594000 	/usr/lib/system/libsystem_blocks.dylib
0x000000000b594000 	/usr/lib/system/libsystem_c.dylib
0x000000000b594000 	/usr/lib/system/libsystem_configuration.dylib
0x000000000b594000 	/usr/lib/system/libsystem_dnssd.dylib
0x000000000b594000 	/usr/lib/system/libsystem_info.dylib
0x000000000b594000 	/usr/lib/system/libsystem_kernel.dylib
0x000000000b594000 	/usr/lib/system/libsystem_m.dylib
0x000000000b594000 	/usr/lib/system/libsystem_malloc.dylib
0x000000000b594000 	/usr/lib/system/libsystem_network.dylib
0x000000000b594000 	/usr/lib/system/libsystem_notify.dylib
0x000000000b594000 	/usr/lib/system/libsystem_platform.dylib
0x000000000b594000 	/usr/lib/system/libsystem_pthread.dylib
0x000000000b594000 	/usr/lib/system/libsystem_sandbox.dylib
0x000000000b594000 	/usr/lib/system/libsystem_stats.dylib
0x000000000b594000 	/usr/lib/system/libunc.dylib
0x000000000b594000 	/usr/lib/system/libunwind.dylib
0x000000000b594000 	/usr/lib/system/libxpc.dylib
0x000000000b594000 	/usr/lib/libbsm.0.dylib
0x000000000b594000 	/usr/lib/libsqlite3.dylib
0x000000000b594000 	/usr/lib/libxar.1.dylib
0x000000000b594000 	/usr/lib/libpam.2.dylib
0x000000000b594000 	/usr/lib/libOpenScriptingUtil.dylib
0x000000000b594000 	/usr/lib/libbz2.1.0.dylib
0x000000000b594000 	/System/Library/Frameworks/CoreServices.framework/Versions/A/Frameworks/CarbonCore.framework/Versions/A/CarbonCore
0x000000000b594000 	/System/Library/Frameworks/CoreServices.framework/Versions/A/Frameworks/Metadata.framework/Versions/A/Metadata
0x000000000b594000 	/System/Library/Frameworks/CoreServices.framework/Versions/A/Frameworks/OSServices.framework/Versions/A/OSServices
0x000000000b594000 	/System/Library/Frameworks/CoreServices.framework/Versions/A/Frameworks/SearchKit.framework/Versions/A/SearchKit
0x000000000b594000 	/System/Library/Frameworks/CoreServices.framework/Versions/A/Frameworks/AE.framework/Versions/A/AE
0x000000000b594000 	/System/Library/Frameworks/CoreServices.framework/Versions/A/Frameworks/LaunchServices.framework/Versions/A/LaunchServices
0x000000000b594000 	/System/Library/Frameworks/CoreServices.framework/Versions/A/Frameworks/DictionaryServices.framework/Versions/A/DictionaryServices
0x000000000b594000 	/System/Library/Frameworks/NetFS.framework/Versions/A/NetFS
0x000000000b594000 	/usr/lib/system/libkxld.dylib
0x000000000b594000 	/System/Library/PrivateFrameworks/NetAuth.framework/Versions/A/NetAuth
0x000000000b594000 	/System/Library/PrivateFrameworks/TCC.framework/Versions/A/TCC
0x000000000b594000 	/System/Library/Frameworks/OpenDirectory.framework/Versions/A/Frameworks/CFOpenDirectory.framework/Versions/A/CFOpenDirectory
0x000000000b594000 	/System/Library/Frameworks/ServiceManagement.framework/Versions/A/ServiceManagement
0x000000000b594000 	/usr/lib/libxslt.1.dylib
0x000000000b594000 	/System/Library/Frameworks/Carbon.framework/Versions/A/Frameworks/Ink.framework/Versions/A/Ink
0x000000000b594000 	/System/Library/Frameworks/ApplicationServices.framework/Versions/A/Frameworks/ATS.framework/Versions/A/ATS
0x000000000b594000 	/System/Library/Frameworks/ApplicationServices.framework/Versions/A/Frameworks/ColorSync.framework/Versions/A/ColorSync
0x000000000b594000 	/System/Library/Frameworks/ApplicationServices.framework/Versions/A/Frameworks/HIServices.framework/Versions/A/HIServices
0x000000000b594000 	/System/Library/Frameworks/ApplicationServices.framework/Versions/A/Frameworks/LangAnalysis.framework/Versions/A/LangAnalysis
0x000000000b594000 	/System/Library/Frameworks/ApplicationServices.framework/Versions/A/Frameworks/PrintCore.framework/Versions/A/PrintCore
0x000000000b594000 	/System/Library/Frameworks/ApplicationServices.framework/Versions/A/Frameworks/QD.framework/Versions/A/QD
0x000000000b594000 	/System/Library/Frameworks/ApplicationServices.framework/Versions/A/Frameworks/SpeechSynthesis.framework/Versions/A/SpeechSynthesis
0x000000000b594000 	/System/Library/Frameworks/IOSurface.framework/Versions/A/IOSurface
0x000000000b594000 	/System/Library/Frameworks/Accelerate.framework/Versions/A/Accelerate
0x000000000b594000 	/System/Library/Frameworks/Accelerate.framework/Versions/A/Frameworks/vImage.framework/Versions/A/vImage
0x000000000b594000 	/System/Library/Frameworks/Accelerate.framework/Versions/A/Frameworks/vecLib.framework/Versions/A/vecLib
0x000000000b594000 	/System/Library/Frameworks/Accelerate.framework/Versions/A/Frameworks/vecLib.framework/Versions/A/libvDSP.dylib
0x000000000b594000 	/System/Library/Frameworks/Accelerate.framework/Versions/A/Frameworks/vecLib.framework/Versions/A/libvMisc.dylib
0x000000000b594000 	/System/Library/Frameworks/Accelerate.framework/Versions/A/Frameworks/vecLib.framework/Versions/A/libLAPACK.dylib
0x000000000b594000 	/System/Library/Frameworks/Accelerate.framework/Versions/A/Frameworks/vecLib.framework/Versions/A/libBLAS.dylib
0x000000000b594000 	/System/Library/Frameworks/ApplicationServices.framework/Versions/A/Frameworks/ATS.framework/Versions/A/Resources/libFontParser.dylib
0x000000000b594000 	/System/Library/Frameworks/ApplicationServices.framework/Versions/A/Frameworks/ATS.framework/Versions/A/Resources/libFontRegistry.dylib
0x000000000b594000 	/System/Library/Frameworks/ImageIO.framework/Versions/A/Resources/libJPEG.dylib
0x000000000b594000 	/System/Library/Frameworks/ImageIO.framework/Versions/A/Resources/libTIFF.dylib
0x000000000b594000 	/System/Library/Frameworks/ImageIO.framework/Versions/A/Resources/libPng.dylib
0x000000000b594000 	/System/Library/Frameworks/ImageIO.framework/Versions/A/Resources/libGIF.dylib
0x000000000b594000 	/System/Library/Frameworks/ImageIO.framework/Versions/A/Resources/libJP2.dylib
0x000000000b594000 	/System/Library/Frameworks/ImageIO.framework/Versions/A/Resources/libRadiance.dylib
0x000000000b594000 	/usr/lib/libcups.2.dylib
0x000000000b594000 	/System/Library/Frameworks/Kerberos.framework/Versions/A/Kerberos
0x000000000b594000 	/System/Library/Frameworks/GSS.framework/Versions/A/GSS
0x000000000b594000 	/usr/lib/libresolv.9.dylib
0x000000000b594000 	/usr/lib/libiconv.2.dylib
0x000000000b594000 	/System/Library/PrivateFrameworks/Heimdal.framework/Versions/A/Heimdal
0x000000000b594000 	/System/Library/PrivateFrameworks/TrustEvaluationAgent.framework/Versions/A/TrustEvaluationAgent
0x000000000b594000 	/usr/lib/libheimdal-asn1.dylib
0x000000000b594000 	/System/Library/Frameworks/OpenDirectory.framework/Versions/A/OpenDirectory
0x000000000b594000 	/System/Library/PrivateFrameworks/CommonAuth.framework/Versions/A/CommonAuth
0x000000000b594000 	/System/Library/Frameworks/SecurityFoundation.framework/Versions/A/SecurityFoundation
0x000000000b594000 	/System/Library/PrivateFrameworks/Bom.framework/Versions/A/Bom
0x000000000b594000 	/System/Library/Frameworks/CoreVideo.framework/Versions/A/CoreVideo
0x000000000b594000 	/System/Library/Frameworks/QuartzCore.framework/Versions/A/Frameworks/CoreImage.framework/Versions/A/CoreImage
0x000000000b594000 	/System/Library/Frameworks/QuartzCore.framework/Versions/A/Frameworks/ScalableUserInterface.framework/Versions/A/ScalableUserInterface
0x000000000b594000 	/System/Library/Frameworks/OpenGL.framework/Versions/A/Libraries/libGLU.dylib
0x000000000b594000 	/System/Library/Frameworks/OpenGL.framework/Versions/A/Libraries/libGFXShared.dylib
0x000000000b594000 	/System/Library/Frameworks/OpenGL.framework/Versions/A/Libraries/libGL.dylib
0x000000000b594000 	/System/Library/Frameworks/OpenGL.framework/Versions/A/Libraries/libGLImage.dylib
0x000000000b594000 	/System/Library/Frameworks/OpenGL.framework/Versions/A/Libraries/libCVMSPluginSupport.dylib
0x000000000b594000 	/System/Library/Frameworks/OpenGL.framework/Versions/A/Libraries/libCoreVMClient.dylib
0x000000000b594000 	/System/Library/PrivateFrameworks/FaceCore.framework/Versions/A/FaceCore
0x000000000b594000 	/System/Library/PrivateFrameworks/CrashReporterSupport.framework/Versions/A/CrashReporterSupport
0x000000000b594000 	/System/Library/Frameworks/OpenCL.framework/Versions/A/OpenCL
0x000000000b594000 	/System/Library/PrivateFrameworks/AppleFSCompression.framework/Versions/A/AppleFSCompression
0x000000000b594000 	/System/Library/PrivateFrameworks/Ubiquity.framework/Versions/A/Ubiquity
0x000000000b594000 	/System/Library/PrivateFrameworks/IconServices.framework/Versions/A/IconServices
0x000000000b594000 	/System/Library/PrivateFrameworks/ChunkingLibrary.framework/Versions/A/ChunkingLibrary
0x000000000b594000 	/System/Library/PrivateFrameworks/CoreSymbolication.framework/Versions/A/CoreSymbolication
0x000000000b594000 	/System/Library/PrivateFrameworks/Symbolication.framework/Versions/A/Symbolication
0x000000000b594000 	/System/Library/PrivateFrameworks/DebugSymbols.framework/Versions/A/DebugSymbols
0x0000000106400000 	/Library/Java/JavaVirtualMachines/jdk1.8.0_31.jdk/Contents/Home/jre/lib/server/libjvm.dylib
0x000000000b594000 	/usr/lib/libstdc++.6.dylib
0x0000000105b43000 	/Library/Java/JavaVirtualMachines/jdk1.8.0_31.jdk/Contents/Home/jre/lib/libverify.dylib
0x0000000105b51000 	/Library/Java/JavaVirtualMachines/jdk1.8.0_31.jdk/Contents/Home/jre/lib/libjava.dylib
0x0000000105b8f000 	/Library/Java/JavaVirtualMachines/jdk1.8.0_31.jdk/Contents/Home/jre/lib/libzip.dylib
0x000000011aed2000 	/System/Library/Frameworks/JavaVM.framework/Frameworks/JavaRuntimeSupport.framework/JavaRuntimeSupport
0x000000011aeea000 	/System/Library/Frameworks/JavaVM.framework/Versions/A/Frameworks/JavaNativeFoundation.framework/Versions/A/JavaNativeFoundation
0x000000011aeff000 	/System/Library/Frameworks/JavaVM.framework/Versions/A/JavaVM
0x000000000b594000 	/System/Library/Frameworks/Carbon.framework/Versions/A/Carbon
0x000000011af0c000 	/System/Library/PrivateFrameworks/JavaLaunching.framework/Versions/A/JavaLaunching
0x000000000b594000 	/System/Library/Frameworks/Carbon.framework/Versions/A/Frameworks/CommonPanels.framework/Versions/A/CommonPanels
0x000000000b594000 	/System/Library/Frameworks/Carbon.framework/Versions/A/Frameworks/Help.framework/Versions/A/Help
0x000000000b594000 	/System/Library/Frameworks/Carbon.framework/Versions/A/Frameworks/ImageCapture.framework/Versions/A/ImageCapture
0x000000000b594000 	/System/Library/Frameworks/Carbon.framework/Versions/A/Frameworks/OpenScripting.framework/Versions/A/OpenScripting
0x000000000b594000 	/System/Library/Frameworks/Carbon.framework/Versions/A/Frameworks/Print.framework/Versions/A/Print
0x000000000b594000 	/System/Library/Frameworks/Carbon.framework/Versions/A/Frameworks/SecurityHI.framework/Versions/A/SecurityHI
0x000000011b802000 	/Library/Java/JavaVirtualMachines/jdk1.8.0_31.jdk/Contents/Home/jre/lib/libprism_es2.dylib
0x000000000b594000 	/System/Library/Frameworks/OpenGL.framework/Versions/A/Resources/GLEngine.bundle/GLEngine
0x000000000b594000 	/System/Library/Frameworks/OpenGL.framework/Versions/A/Libraries/libGLProgrammability.dylib
0x0000000000000000 	/System/Library/Extensions/AppleIntelHD5000GraphicsGLDriver.bundle/Contents/MacOS/AppleIntelHD5000GraphicsGLDriver
0x000000000b594000 	/System/Library/PrivateFrameworks/IOAccelerator.framework/Versions/A/IOAccelerator
0x000000000b594000 	/System/Library/PrivateFrameworks/GPUSupport.framework/Versions/A/Libraries/libGPUSupportMercury.dylib
0x000000000b594000 	/System/Library/Frameworks/OpenGL.framework/Versions/A/Resources/GLRendererFloat.bundle/GLRendererFloat
0x000000000b594000 	/System/Library/Frameworks/OpenCL.framework/Versions/A/Libraries/libcldcpuengine.dylib
0x000000000b594000 	/System/Library/PrivateFrameworks/DiskImages.framework/Versions/A/DiskImages
0x000000000b594000 	/System/Library/Frameworks/DiscRecording.framework/Versions/A/DiscRecording
0x000000000b594000 	/usr/lib/libcsfde.dylib
0x000000000b594000 	/usr/lib/libcurl.4.dylib
0x000000000b594000 	/System/Library/PrivateFrameworks/MediaKit.framework/Versions/A/MediaKit
0x000000000b594000 	/usr/lib/libCoreStorage.dylib
0x000000000b594000 	/System/Library/PrivateFrameworks/EFILogin.framework/Versions/A/EFILogin
0x000000000b594000 	/usr/lib/libutil.dylib
0x000000000b594000 	/System/Library/PrivateFrameworks/AOSNotification.framework/Versions/A/AOSNotification
0x000000000b594000 	/System/Library/Frameworks/LDAP.framework/Versions/A/LDAP
0x000000000b594000 	/usr/lib/libsasl2.2.dylib
0x000000000b594000 	/usr/lib/libcrypto.0.9.8.dylib
0x000000000b594000 	/usr/lib/libssl.0.9.8.dylib
0x000000011c100000 	/Library/Java/JavaVirtualMachines/jdk1.8.0_31.jdk/Contents/Home/jre/lib/libglass.dylib
0x000000000b594000 	/System/Library/PrivateFrameworks/CoreServicesInternal.framework/Versions/A/CoreServicesInternal
0x000000000b594000 	/System/Library/PrivateFrameworks/Librarian.framework/Versions/A/Librarian
0x000000000b594000 	/System/Library/CoreServices/RawCamera.bundle/Contents/MacOS/RawCamera
0x000000000b594000 	/System/Library/Frameworks/CoreGraphics.framework/Versions/A/Resources/libCGCMS.A.dylib
0x000000000b594000 	/System/Library/Frameworks/CoreGraphics.framework/Versions/A/Resources/libRIP.A.dylib
0x000000000b594000 	/System/Library/PrivateFrameworks/FamilyControls.framework/Versions/A/FamilyControls
0x000000000b594000 	/System/Library/PrivateFrameworks/CommerceKit.framework/Versions/A/Frameworks/CommerceCore.framework/Versions/A/CommerceCore
0x000000000b594000 	/System/Library/PrivateFrameworks/SystemAdministration.framework/Versions/A/SystemAdministration
0x000000000b594000 	/System/Library/Frameworks/DirectoryService.framework/Versions/A/DirectoryService
0x000000000b594000 	/System/Library/PrivateFrameworks/LoginUIKit.framework/Versions/A/Frameworks/LoginUICore.framework/Versions/A/LoginUICore
0x000000000b594000 	/usr/lib/libodfde.dylib
0x000000011fbac000 	/Library/Java/JavaVirtualMachines/jdk1.8.0_31.jdk/Contents/Home/jre/lib/libjfxwebkit.dylib
0x0000000121e64000 	/Library/Java/JavaVirtualMachines/jdk1.8.0_31.jdk/Contents/Home/jre/lib/libnio.dylib
0x0000000121e74000 	/Library/Java/JavaVirtualMachines/jdk1.8.0_31.jdk/Contents/Home/jre/lib/./libnet.dylib
0x0000000121674000 	/Library/Java/JavaVirtualMachines/jdk1.8.0_31.jdk/Contents/Home/jre/lib/libjavafx_font.dylib
0x000000000b594000 	/System/Library/Frameworks/CoreGraphics.framework/Versions/A/Resources/libCGXType.A.dylib
0x00000001240bd000 	cl_kernels
0x00000001240c0000 	/System/Library/Frameworks/OpenCL.framework/Versions/A/Libraries/ImageFormats/unorm8_bgra.dylib
0x00000001240b1000 	cl_kernels
0x00000001256bb000 	/Library/Java/JavaVirtualMachines/jdk1.8.0_31.jdk/Contents/Home/jre/lib/libprism_common.dylib

VM Arguments:
jvm_args: -Dfile.encoding=UTF-8 
java_command: controlPanel
java_class_path (initial): /Users/allisonwalther/Documents/workspace/rawSnap/bin
Launcher Type: SUN_STANDARD

Environment Variables:
PATH=/usr/bin:/bin:/usr/sbin:/sbin
SHELL=/bin/bash

Signal Handlers:
SIGSEGV: [libjvm.dylib+0x57a0e7], sa_mask[0]=11111111011111110111111111111111, sa_flags=SA_ONSTACK|SA_RESTART|SA_SIGINFO
SIGBUS: [libjvm.dylib+0x57a0e7], sa_mask[0]=11111111011111110111111111111111, sa_flags=SA_RESTART|SA_SIGINFO
SIGFPE: [libjvm.dylib+0x45af24], sa_mask[0]=11111111011111110111111111111111, sa_flags=SA_RESTART|SA_SIGINFO
SIGPIPE: [libjvm.dylib+0x45af24], sa_mask[0]=11111111011111110111111111111111, sa_flags=SA_RESTART|SA_SIGINFO
SIGXFSZ: [libjvm.dylib+0x45af24], sa_mask[0]=11111111011111110111111111111111, sa_flags=SA_RESTART|SA_SIGINFO
SIGILL: [libjvm.dylib+0x45af24], sa_mask[0]=11111111011111110111111111111111, sa_flags=SA_RESTART|SA_SIGINFO
SIGUSR1: SIG_DFL, sa_mask[0]=00000000000000000000000000000000, sa_flags=SA_RESTART
SIGUSR2: [libjvm.dylib+0x45aa42], sa_mask[0]=00100000000000000000000000000000, sa_flags=SA_RESTART|SA_SIGINFO
SIGHUP: [libjvm.dylib+0x459015], sa_mask[0]=11111111011111110111111111111111, sa_flags=SA_RESTART|SA_SIGINFO
SIGINT: [libjvm.dylib+0x459015], sa_mask[0]=11111111011111110111111111111111, sa_flags=SA_RESTART|SA_SIGINFO
SIGTERM: [libjvm.dylib+0x459015], sa_mask[0]=11111111011111110111111111111111, sa_flags=SA_RESTART|SA_SIGINFO
SIGQUIT: [libjvm.dylib+0x459015], sa_mask[0]=11111111011111110111111111111111, sa_flags=SA_RESTART|SA_SIGINFO


---------------  S Y S T E M  ---------------

OS:Bsduname:Darwin 13.4.0 Darwin Kernel Version 13.4.0: Wed Dec 17 19:05:52 PST 2014; root:xnu-2422.115.10~1/RELEASE_X86_64 x86_64
rlimit: STACK 8192k, CORE 0k, NPROC 709, NOFILE 10240, AS infinity
load average:2.10 1.95 1.96

CPU:total 4 (2 cores per cpu, 2 threads per core) family 6 model 69 stepping 1, cmov, cx8, fxsr, mmx, sse, sse2, sse3, ssse3, sse4.1, sse4.2, popcnt, avx, avx2, aes, clmul, erms, lzcnt, ht, tsc, tscinvbit, bmi1, bmi2

Memory: 4k page, physical 4194304k(30712k free)

/proc/meminfo:


vm_info: Java HotSpot(TM) 64-Bit Server VM (25.31-b07) for bsd-amd64 JRE (1.8.0_31-b13), built on Dec 17 2014 20:45:36 by "java_re" with gcc 4.2.1 (Based on Apple Inc. build 5658) (LLVM build 2336.11.00)

time: Mon Jun  1 20:28:31 2015
elapsed time: 3 seconds (0d 0h 0m 3s)

